{
  "stats": {
    "suites": 5,
    "tests": 16,
    "passes": 16,
    "pending": 0,
    "failures": 0,
    "start": "2017-09-17T09:16:38.265Z",
    "end": "2017-09-17T09:17:07.460Z",
    "duration": 29195,
    "testsRegistered": 16,
    "passPercent": 100,
    "pendingPercent": 0,
    "other": 0,
    "hasOther": false,
    "skipped": 0,
    "hasSkipped": false,
    "passPercentClass": "success",
    "pendingPercentClass": "danger"
  },
  "suites": {
    "title": "",
    "suites": [
      {
        "title": "注册、登录、发布话题和回帖等功能",
        "suites": [
          {
            "title": "注册功能",
            "suites": [],
            "tests": [
              {
                "title": "打开首页",
                "fullTitle": "注册、登录、发布话题和回帖等功能 注册功能 打开首页",
                "timedOut": false,
                "duration": 4080,
                "state": "passed",
                "speed": "slow",
                "pass": true,
                "fail": false,
                "pending": false,
                "code": "async \n            await driver.get('http://192.168.75.107:3000/');",
                "err": {},
                "isRoot": false,
                "uuid": "ca169047-d53c-426a-9858-e52f2ca6459e",
                "parentUUID": "8a709d97-d6bf-40f2-9930-937b562b01ce",
                "isHook": false,
                "skipped": false
              },
              {
                "title": "点击注册按钮",
                "fullTitle": "注册、登录、发布话题和回帖等功能 注册功能 点击注册按钮",
                "timedOut": false,
                "duration": 427,
                "state": "passed",
                "speed": "slow",
                "pass": true,
                "fail": false,
                "pending": false,
                "code": "async \n            await driver.findElement({ linkText: '注册' }).click();",
                "err": {},
                "isRoot": false,
                "uuid": "4778e109-a881-4123-b16b-1be82c7bae57",
                "parentUUID": "8a709d97-d6bf-40f2-9930-937b562b01ce",
                "isHook": false,
                "skipped": false
              },
              {
                "title": "输入注册信息，修改数据库",
                "fullTitle": "注册、登录、发布话题和回帖等功能 注册功能 输入注册信息，修改数据库",
                "timedOut": false,
                "duration": 1043,
                "state": "passed",
                "speed": "slow",
                "pass": true,
                "fail": false,
                "pending": false,
                "code": "async \n            let user = Date.now();\n            await driver.findElement({ id: 'loginname' }).sendKeys(user);\n            await driver.findElement({ id: 'pass' }).sendKeys('123456');\n            await driver.findElement({ id: 're_pass' }).sendKeys('123456');\n            await driver.findElement({ id: 'email' }).sendKeys(`${user}@domain.com`);\n            await driver.findElement({ className: 'span-primary' }).submit().then(() => {\n                MongoClient.connect(url, function (err, db) {\n                    assert.equal(null, err);\n                    console.log(\"Connected correctly to server\");\n                    let collection = db.collection(\"users\")\n                    collection.findOne({ name: `${user}` }, function (err, docs) {\n                        console.log(docs.name)\n                        assert.equal(err, null)\n                        assert.equal(`${user}`, docs.name)\n                    })\n                    collection.updateOne({ name: `${user}` }, { $set: { \"active\": true } }, function (err, docs) {\n                        assert.equal(null, err);\n                        // console.log(docs)\n                    })\n                    db.close();\n                });\n            })",
                "err": {},
                "isRoot": false,
                "uuid": "35759da6-a01d-4b1c-bb36-283c91496379",
                "parentUUID": "8a709d97-d6bf-40f2-9930-937b562b01ce",
                "isHook": false,
                "skipped": false
              }
            ],
            "pending": [],
            "root": false,
            "_timeout": 18000,
            "file": "\\index2.js",
            "uuid": "8a709d97-d6bf-40f2-9930-937b562b01ce",
            "beforeHooks": [],
            "afterHooks": [],
            "fullFile": "E:\\test\\2017-09-17\\index2.js",
            "passes": [
              {
                "title": "打开首页",
                "fullTitle": "注册、登录、发布话题和回帖等功能 注册功能 打开首页",
                "timedOut": false,
                "duration": 4080,
                "state": "passed",
                "speed": "slow",
                "pass": true,
                "fail": false,
                "pending": false,
                "code": "async \n            await driver.get('http://192.168.75.107:3000/');",
                "err": {},
                "isRoot": false,
                "uuid": "ca169047-d53c-426a-9858-e52f2ca6459e",
                "parentUUID": "8a709d97-d6bf-40f2-9930-937b562b01ce",
                "isHook": false,
                "skipped": false
              },
              {
                "title": "点击注册按钮",
                "fullTitle": "注册、登录、发布话题和回帖等功能 注册功能 点击注册按钮",
                "timedOut": false,
                "duration": 427,
                "state": "passed",
                "speed": "slow",
                "pass": true,
                "fail": false,
                "pending": false,
                "code": "async \n            await driver.findElement({ linkText: '注册' }).click();",
                "err": {},
                "isRoot": false,
                "uuid": "4778e109-a881-4123-b16b-1be82c7bae57",
                "parentUUID": "8a709d97-d6bf-40f2-9930-937b562b01ce",
                "isHook": false,
                "skipped": false
              },
              {
                "title": "输入注册信息，修改数据库",
                "fullTitle": "注册、登录、发布话题和回帖等功能 注册功能 输入注册信息，修改数据库",
                "timedOut": false,
                "duration": 1043,
                "state": "passed",
                "speed": "slow",
                "pass": true,
                "fail": false,
                "pending": false,
                "code": "async \n            let user = Date.now();\n            await driver.findElement({ id: 'loginname' }).sendKeys(user);\n            await driver.findElement({ id: 'pass' }).sendKeys('123456');\n            await driver.findElement({ id: 're_pass' }).sendKeys('123456');\n            await driver.findElement({ id: 'email' }).sendKeys(`${user}@domain.com`);\n            await driver.findElement({ className: 'span-primary' }).submit().then(() => {\n                MongoClient.connect(url, function (err, db) {\n                    assert.equal(null, err);\n                    console.log(\"Connected correctly to server\");\n                    let collection = db.collection(\"users\")\n                    collection.findOne({ name: `${user}` }, function (err, docs) {\n                        console.log(docs.name)\n                        assert.equal(err, null)\n                        assert.equal(`${user}`, docs.name)\n                    })\n                    collection.updateOne({ name: `${user}` }, { $set: { \"active\": true } }, function (err, docs) {\n                        assert.equal(null, err);\n                        // console.log(docs)\n                    })\n                    db.close();\n                });\n            })",
                "err": {},
                "isRoot": false,
                "uuid": "35759da6-a01d-4b1c-bb36-283c91496379",
                "parentUUID": "8a709d97-d6bf-40f2-9930-937b562b01ce",
                "isHook": false,
                "skipped": false
              }
            ],
            "failures": [],
            "skipped": [],
            "hasBeforeHooks": false,
            "hasAfterHooks": false,
            "hasTests": true,
            "hasSuites": false,
            "totalTests": 3,
            "totalPasses": 3,
            "totalFailures": 0,
            "totalPending": 0,
            "totalSkipped": 0,
            "hasPasses": true,
            "hasFailures": false,
            "hasPending": false,
            "hasSkipped": false,
            "duration": 5550,
            "rootEmpty": false
          },
          {
            "title": "登录功能",
            "suites": [],
            "tests": [
              {
                "title": "打开首页",
                "fullTitle": "注册、登录、发布话题和回帖等功能 登录功能 打开首页",
                "timedOut": false,
                "duration": 354,
                "state": "passed",
                "speed": "slow",
                "pass": true,
                "fail": false,
                "pending": false,
                "code": "async \n            await driver.get('http://192.168.75.107:3000/');",
                "err": {},
                "isRoot": false,
                "uuid": "14bea0b5-0199-48b4-a0d1-6ab2a30e5f24",
                "parentUUID": "633d1440-5307-4741-b239-6d13b9fbd9ba",
                "isHook": false,
                "skipped": false
              },
              {
                "title": "点击登录按钮",
                "fullTitle": "注册、登录、发布话题和回帖等功能 登录功能 点击登录按钮",
                "timedOut": false,
                "duration": 316,
                "state": "passed",
                "speed": "slow",
                "pass": true,
                "fail": false,
                "pending": false,
                "code": "async \n            await driver.findElement({ linkText: '登录' }).click();",
                "err": {},
                "isRoot": false,
                "uuid": "45725664-520c-4c65-8221-3c894463cba3",
                "parentUUID": "633d1440-5307-4741-b239-6d13b9fbd9ba",
                "isHook": false,
                "skipped": false
              },
              {
                "title": "输入用户名和密码",
                "fullTitle": "注册、登录、发布话题和回帖等功能 登录功能 输入用户名和密码",
                "timedOut": false,
                "duration": 183,
                "state": "passed",
                "speed": "slow",
                "pass": true,
                "fail": false,
                "pending": false,
                "code": "async \n            await driver.findElement({ id: 'name' }).sendKeys('abcduxiaolei');\n            await driver.findElement({ id: 'pass' }).sendKeys('abc4862556');",
                "err": {},
                "isRoot": false,
                "uuid": "13a1b8f8-8249-41e9-b750-57f05acff7a1",
                "parentUUID": "633d1440-5307-4741-b239-6d13b9fbd9ba",
                "isHook": false,
                "skipped": false
              },
              {
                "title": "点击登录",
                "fullTitle": "注册、登录、发布话题和回帖等功能 登录功能 点击登录",
                "timedOut": false,
                "duration": 557,
                "state": "passed",
                "speed": "slow",
                "pass": true,
                "fail": false,
                "pending": false,
                "code": "async \n            await driver.findElement({ css: '.span-primary' }).submit();",
                "err": {},
                "isRoot": false,
                "uuid": "21f98cc4-4af1-404d-8b4b-aa30b711b7ec",
                "parentUUID": "633d1440-5307-4741-b239-6d13b9fbd9ba",
                "isHook": false,
                "skipped": false
              },
              {
                "title": "assert",
                "fullTitle": "注册、登录、发布话题和回帖等功能 登录功能 assert",
                "timedOut": false,
                "duration": 1,
                "state": "passed",
                "speed": "fast",
                "pass": true,
                "fail": false,
                "pending": false,
                "code": "async \n            driver.findElement({ linkText: 'abcduxiaolei' }).getText().then((as) => {\n                console.log(as);\n                assert.deepEqual('abcduxiaolei', as);\n            })",
                "err": {},
                "isRoot": false,
                "uuid": "f4d2a5f4-cdeb-47bf-a8e2-744a8f6526cc",
                "parentUUID": "633d1440-5307-4741-b239-6d13b9fbd9ba",
                "isHook": false,
                "skipped": false
              }
            ],
            "pending": [],
            "root": false,
            "_timeout": 18000,
            "file": "\\index2.js",
            "uuid": "633d1440-5307-4741-b239-6d13b9fbd9ba",
            "beforeHooks": [],
            "afterHooks": [],
            "fullFile": "E:\\test\\2017-09-17\\index2.js",
            "passes": [
              {
                "title": "打开首页",
                "fullTitle": "注册、登录、发布话题和回帖等功能 登录功能 打开首页",
                "timedOut": false,
                "duration": 354,
                "state": "passed",
                "speed": "slow",
                "pass": true,
                "fail": false,
                "pending": false,
                "code": "async \n            await driver.get('http://192.168.75.107:3000/');",
                "err": {},
                "isRoot": false,
                "uuid": "14bea0b5-0199-48b4-a0d1-6ab2a30e5f24",
                "parentUUID": "633d1440-5307-4741-b239-6d13b9fbd9ba",
                "isHook": false,
                "skipped": false
              },
              {
                "title": "点击登录按钮",
                "fullTitle": "注册、登录、发布话题和回帖等功能 登录功能 点击登录按钮",
                "timedOut": false,
                "duration": 316,
                "state": "passed",
                "speed": "slow",
                "pass": true,
                "fail": false,
                "pending": false,
                "code": "async \n            await driver.findElement({ linkText: '登录' }).click();",
                "err": {},
                "isRoot": false,
                "uuid": "45725664-520c-4c65-8221-3c894463cba3",
                "parentUUID": "633d1440-5307-4741-b239-6d13b9fbd9ba",
                "isHook": false,
                "skipped": false
              },
              {
                "title": "输入用户名和密码",
                "fullTitle": "注册、登录、发布话题和回帖等功能 登录功能 输入用户名和密码",
                "timedOut": false,
                "duration": 183,
                "state": "passed",
                "speed": "slow",
                "pass": true,
                "fail": false,
                "pending": false,
                "code": "async \n            await driver.findElement({ id: 'name' }).sendKeys('abcduxiaolei');\n            await driver.findElement({ id: 'pass' }).sendKeys('abc4862556');",
                "err": {},
                "isRoot": false,
                "uuid": "13a1b8f8-8249-41e9-b750-57f05acff7a1",
                "parentUUID": "633d1440-5307-4741-b239-6d13b9fbd9ba",
                "isHook": false,
                "skipped": false
              },
              {
                "title": "点击登录",
                "fullTitle": "注册、登录、发布话题和回帖等功能 登录功能 点击登录",
                "timedOut": false,
                "duration": 557,
                "state": "passed",
                "speed": "slow",
                "pass": true,
                "fail": false,
                "pending": false,
                "code": "async \n            await driver.findElement({ css: '.span-primary' }).submit();",
                "err": {},
                "isRoot": false,
                "uuid": "21f98cc4-4af1-404d-8b4b-aa30b711b7ec",
                "parentUUID": "633d1440-5307-4741-b239-6d13b9fbd9ba",
                "isHook": false,
                "skipped": false
              },
              {
                "title": "assert",
                "fullTitle": "注册、登录、发布话题和回帖等功能 登录功能 assert",
                "timedOut": false,
                "duration": 1,
                "state": "passed",
                "speed": "fast",
                "pass": true,
                "fail": false,
                "pending": false,
                "code": "async \n            driver.findElement({ linkText: 'abcduxiaolei' }).getText().then((as) => {\n                console.log(as);\n                assert.deepEqual('abcduxiaolei', as);\n            })",
                "err": {},
                "isRoot": false,
                "uuid": "f4d2a5f4-cdeb-47bf-a8e2-744a8f6526cc",
                "parentUUID": "633d1440-5307-4741-b239-6d13b9fbd9ba",
                "isHook": false,
                "skipped": false
              }
            ],
            "failures": [],
            "skipped": [],
            "hasBeforeHooks": false,
            "hasAfterHooks": false,
            "hasTests": true,
            "hasSuites": false,
            "totalTests": 5,
            "totalPasses": 5,
            "totalFailures": 0,
            "totalPending": 0,
            "totalSkipped": 0,
            "hasPasses": true,
            "hasFailures": false,
            "hasPending": false,
            "hasSkipped": false,
            "duration": 1411,
            "rootEmpty": false
          },
          {
            "title": "发布话题",
            "suites": [],
            "tests": [
              {
                "title": "点击发布话题",
                "fullTitle": "注册、登录、发布话题和回帖等功能 发布话题 点击发布话题",
                "timedOut": false,
                "duration": 460,
                "state": "passed",
                "speed": "slow",
                "pass": true,
                "fail": false,
                "pending": false,
                "code": "async \n            await driver.findElement({ className: 'span-success' }).click();",
                "err": {},
                "isRoot": false,
                "uuid": "e56b910c-330a-4938-b644-aaa4af98ca77",
                "parentUUID": "7ecf67e3-5b84-414f-8a4f-84a483ec68ef",
                "isHook": false,
                "skipped": false
              },
              {
                "title": "选择分享下拉列表，输入标题",
                "fullTitle": "注册、登录、发布话题和回帖等功能 发布话题 选择分享下拉列表，输入标题",
                "timedOut": false,
                "duration": 263,
                "state": "passed",
                "speed": "slow",
                "pass": true,
                "fail": false,
                "pending": false,
                "code": "async \n            await driver.findElement({ id: 'tab-value' }).click();\n            await driver.findElement({ css: '#tab-value>option:nth-child(2)' }).click();\n            await driver.findElement({ id: 'title' }).sendKeys('今天是星期六');",
                "err": {},
                "isRoot": false,
                "uuid": "238943fd-f687-483f-945e-ed04157e6f81",
                "parentUUID": "7ecf67e3-5b84-414f-8a4f-84a483ec68ef",
                "isHook": false,
                "skipped": false
              },
              {
                "title": "添加图片",
                "fullTitle": "注册、登录、发布话题和回帖等功能 发布话题 添加图片",
                "timedOut": false,
                "duration": 133,
                "state": "passed",
                "speed": "slow",
                "pass": true,
                "fail": false,
                "pending": false,
                "code": "async \n            await driver.findElement({ css: '.eicon-image' }).click();\n            await driver.findElement({ name: 'file' }).sendKeys('E://01.png');",
                "err": {},
                "isRoot": false,
                "uuid": "fd7811f4-658f-464d-8a53-21b58530522e",
                "parentUUID": "7ecf67e3-5b84-414f-8a4f-84a483ec68ef",
                "isHook": false,
                "skipped": false
              },
              {
                "title": "点击链接",
                "fullTitle": "注册、登录、发布话题和回帖等功能 发布话题 点击链接",
                "timedOut": false,
                "duration": 6923,
                "state": "passed",
                "speed": "slow",
                "pass": true,
                "fail": false,
                "pending": false,
                "code": "async \n            await driver.sleep(2000);\n            await driver.findElement({ css: '.eicon-link' }).click();\n            await driver.sleep(2000);\n            await driver.findElement({ xpath: '/html/body/div[4]/div[2]/form/div[1]/div/input' }).click()\n            await driver.findElement({ xpath: '/html/body/div[4]/div[2]/form/div[1]/div/input' }).sendKeys('打开百度首页');\n            await driver.findElement({ xpath: '/html/body/div[4]/div[2]/form/div[2]/div/input' }).clear()\n            await driver.findElement({ xpath: '/html/body/div[4]/div[2]/form/div[2]/div/input' }).sendKeys('https://www.baidu.com/');\n            await driver.findElement({ css: '.btn.btn-primary' }).click();\n            await driver.findElement({ css: '.span-primary.submit_btn' }).submit();",
                "err": {},
                "isRoot": false,
                "uuid": "62294ba9-8a9c-4ce3-8d64-98bd4fd33c4b",
                "parentUUID": "7ecf67e3-5b84-414f-8a4f-84a483ec68ef",
                "isHook": false,
                "skipped": false
              }
            ],
            "pending": [],
            "root": false,
            "_timeout": 18000,
            "file": "\\index2.js",
            "uuid": "7ecf67e3-5b84-414f-8a4f-84a483ec68ef",
            "beforeHooks": [],
            "afterHooks": [],
            "fullFile": "E:\\test\\2017-09-17\\index2.js",
            "passes": [
              {
                "title": "点击发布话题",
                "fullTitle": "注册、登录、发布话题和回帖等功能 发布话题 点击发布话题",
                "timedOut": false,
                "duration": 460,
                "state": "passed",
                "speed": "slow",
                "pass": true,
                "fail": false,
                "pending": false,
                "code": "async \n            await driver.findElement({ className: 'span-success' }).click();",
                "err": {},
                "isRoot": false,
                "uuid": "e56b910c-330a-4938-b644-aaa4af98ca77",
                "parentUUID": "7ecf67e3-5b84-414f-8a4f-84a483ec68ef",
                "isHook": false,
                "skipped": false
              },
              {
                "title": "选择分享下拉列表，输入标题",
                "fullTitle": "注册、登录、发布话题和回帖等功能 发布话题 选择分享下拉列表，输入标题",
                "timedOut": false,
                "duration": 263,
                "state": "passed",
                "speed": "slow",
                "pass": true,
                "fail": false,
                "pending": false,
                "code": "async \n            await driver.findElement({ id: 'tab-value' }).click();\n            await driver.findElement({ css: '#tab-value>option:nth-child(2)' }).click();\n            await driver.findElement({ id: 'title' }).sendKeys('今天是星期六');",
                "err": {},
                "isRoot": false,
                "uuid": "238943fd-f687-483f-945e-ed04157e6f81",
                "parentUUID": "7ecf67e3-5b84-414f-8a4f-84a483ec68ef",
                "isHook": false,
                "skipped": false
              },
              {
                "title": "添加图片",
                "fullTitle": "注册、登录、发布话题和回帖等功能 发布话题 添加图片",
                "timedOut": false,
                "duration": 133,
                "state": "passed",
                "speed": "slow",
                "pass": true,
                "fail": false,
                "pending": false,
                "code": "async \n            await driver.findElement({ css: '.eicon-image' }).click();\n            await driver.findElement({ name: 'file' }).sendKeys('E://01.png');",
                "err": {},
                "isRoot": false,
                "uuid": "fd7811f4-658f-464d-8a53-21b58530522e",
                "parentUUID": "7ecf67e3-5b84-414f-8a4f-84a483ec68ef",
                "isHook": false,
                "skipped": false
              },
              {
                "title": "点击链接",
                "fullTitle": "注册、登录、发布话题和回帖等功能 发布话题 点击链接",
                "timedOut": false,
                "duration": 6923,
                "state": "passed",
                "speed": "slow",
                "pass": true,
                "fail": false,
                "pending": false,
                "code": "async \n            await driver.sleep(2000);\n            await driver.findElement({ css: '.eicon-link' }).click();\n            await driver.sleep(2000);\n            await driver.findElement({ xpath: '/html/body/div[4]/div[2]/form/div[1]/div/input' }).click()\n            await driver.findElement({ xpath: '/html/body/div[4]/div[2]/form/div[1]/div/input' }).sendKeys('打开百度首页');\n            await driver.findElement({ xpath: '/html/body/div[4]/div[2]/form/div[2]/div/input' }).clear()\n            await driver.findElement({ xpath: '/html/body/div[4]/div[2]/form/div[2]/div/input' }).sendKeys('https://www.baidu.com/');\n            await driver.findElement({ css: '.btn.btn-primary' }).click();\n            await driver.findElement({ css: '.span-primary.submit_btn' }).submit();",
                "err": {},
                "isRoot": false,
                "uuid": "62294ba9-8a9c-4ce3-8d64-98bd4fd33c4b",
                "parentUUID": "7ecf67e3-5b84-414f-8a4f-84a483ec68ef",
                "isHook": false,
                "skipped": false
              }
            ],
            "failures": [],
            "skipped": [],
            "hasBeforeHooks": false,
            "hasAfterHooks": false,
            "hasTests": true,
            "hasSuites": false,
            "totalTests": 4,
            "totalPasses": 4,
            "totalFailures": 0,
            "totalPending": 0,
            "totalSkipped": 0,
            "hasPasses": true,
            "hasFailures": false,
            "hasPending": false,
            "hasSkipped": false,
            "duration": 7779,
            "rootEmpty": false
          },
          {
            "title": "回帖功能",
            "suites": [],
            "tests": [
              {
                "title": "添加回复_照片",
                "fullTitle": "注册、登录、发布话题和回帖等功能 回帖功能 添加回复_照片",
                "timedOut": false,
                "duration": 2178,
                "state": "passed",
                "speed": "slow",
                "pass": true,
                "fail": false,
                "pending": false,
                "code": "async \n            await driver.sleep(2000);\n            await driver.findElement({ css: '.eicon-image' }).click();\n            await driver.findElement({ name: 'file' }).sendKeys('F://图片//02.png');",
                "err": {},
                "isRoot": false,
                "uuid": "0bf877e9-2e89-4995-93b7-a14bfd293d34",
                "parentUUID": "ce0e5de4-382b-47a1-9276-01e90bcf42af",
                "isHook": false,
                "skipped": false
              },
              {
                "title": "添加回复_内容",
                "fullTitle": "注册、登录、发布话题和回帖等功能 回帖功能 添加回复_内容",
                "timedOut": false,
                "duration": 2509,
                "state": "passed",
                "speed": "slow",
                "pass": true,
                "fail": false,
                "pending": false,
                "code": "async \n            await driver.sleep(2000);\n            await driver.findElement({ css: '.CodeMirror.cm-s-paper' }).click();\n            let oc = driver.findElement({ xpath: '//*[@id=\"reply_form\"]/div/div/div[2]/div[6]/div[2]' });\n            await driver.actions().mouseMove(oc).sendKeys('大家晚上好！').perform();\n            await driver.findElement({ xpath: '//*[@id=\"reply_form\"]/div/div/div[3]/input' }).submit();",
                "err": {},
                "isRoot": false,
                "uuid": "fb077b02-e38f-45d2-b22e-b466eb278b79",
                "parentUUID": "ce0e5de4-382b-47a1-9276-01e90bcf42af",
                "isHook": false,
                "skipped": false
              },
              {
                "title": "编辑回复",
                "fullTitle": "注册、登录、发布话题和回帖等功能 回帖功能 编辑回复",
                "timedOut": false,
                "duration": 2955,
                "state": "passed",
                "speed": "slow",
                "pass": true,
                "fail": false,
                "pending": false,
                "code": "async \n            await driver.sleep(2000);\n            await driver.findElement({ css: '.edit_reply_btn' }).click();\n            await driver.findElement({ css: '.CodeMirror.cm-s-paper' }).click();\n            let xo = driver.findElement({ xpath: '//*[@id=\"edit_reply_form\"]/fieldset/div/div/div[2]/div[6]/div[2]' });\n            await driver.actions().mouseMove(xo).sendKeys('很晚了，准备睡觉喽！').perform();\n            await driver.findElement({ xpath: '//*[@id=\"edit_reply_form\"]/fieldset/div/div/div[4]/input' }).submit();",
                "err": {},
                "isRoot": false,
                "uuid": "a1fafe64-3129-4c03-b086-9252108b1427",
                "parentUUID": "ce0e5de4-382b-47a1-9276-01e90bcf42af",
                "isHook": false,
                "skipped": false
              },
              {
                "title": "删除回复",
                "fullTitle": "注册、登录、发布话题和回帖等功能 回帖功能 删除回复",
                "timedOut": false,
                "duration": 93,
                "state": "passed",
                "speed": "slow",
                "pass": true,
                "fail": false,
                "pending": false,
                "code": "async \n            await driver.findElement({ css: '.delete_reply_btn' }).click();\n            await driver.switchTo().alert().then((alert) => {\n                return alert.accept();\n            })",
                "err": {},
                "isRoot": false,
                "uuid": "2d1e47db-1a5b-40e4-acb7-b0d25a4e2d65",
                "parentUUID": "ce0e5de4-382b-47a1-9276-01e90bcf42af",
                "isHook": false,
                "skipped": false
              }
            ],
            "pending": [],
            "root": false,
            "_timeout": 18000,
            "file": "\\index2.js",
            "uuid": "ce0e5de4-382b-47a1-9276-01e90bcf42af",
            "beforeHooks": [],
            "afterHooks": [],
            "fullFile": "E:\\test\\2017-09-17\\index2.js",
            "passes": [
              {
                "title": "添加回复_照片",
                "fullTitle": "注册、登录、发布话题和回帖等功能 回帖功能 添加回复_照片",
                "timedOut": false,
                "duration": 2178,
                "state": "passed",
                "speed": "slow",
                "pass": true,
                "fail": false,
                "pending": false,
                "code": "async \n            await driver.sleep(2000);\n            await driver.findElement({ css: '.eicon-image' }).click();\n            await driver.findElement({ name: 'file' }).sendKeys('F://图片//02.png');",
                "err": {},
                "isRoot": false,
                "uuid": "0bf877e9-2e89-4995-93b7-a14bfd293d34",
                "parentUUID": "ce0e5de4-382b-47a1-9276-01e90bcf42af",
                "isHook": false,
                "skipped": false
              },
              {
                "title": "添加回复_内容",
                "fullTitle": "注册、登录、发布话题和回帖等功能 回帖功能 添加回复_内容",
                "timedOut": false,
                "duration": 2509,
                "state": "passed",
                "speed": "slow",
                "pass": true,
                "fail": false,
                "pending": false,
                "code": "async \n            await driver.sleep(2000);\n            await driver.findElement({ css: '.CodeMirror.cm-s-paper' }).click();\n            let oc = driver.findElement({ xpath: '//*[@id=\"reply_form\"]/div/div/div[2]/div[6]/div[2]' });\n            await driver.actions().mouseMove(oc).sendKeys('大家晚上好！').perform();\n            await driver.findElement({ xpath: '//*[@id=\"reply_form\"]/div/div/div[3]/input' }).submit();",
                "err": {},
                "isRoot": false,
                "uuid": "fb077b02-e38f-45d2-b22e-b466eb278b79",
                "parentUUID": "ce0e5de4-382b-47a1-9276-01e90bcf42af",
                "isHook": false,
                "skipped": false
              },
              {
                "title": "编辑回复",
                "fullTitle": "注册、登录、发布话题和回帖等功能 回帖功能 编辑回复",
                "timedOut": false,
                "duration": 2955,
                "state": "passed",
                "speed": "slow",
                "pass": true,
                "fail": false,
                "pending": false,
                "code": "async \n            await driver.sleep(2000);\n            await driver.findElement({ css: '.edit_reply_btn' }).click();\n            await driver.findElement({ css: '.CodeMirror.cm-s-paper' }).click();\n            let xo = driver.findElement({ xpath: '//*[@id=\"edit_reply_form\"]/fieldset/div/div/div[2]/div[6]/div[2]' });\n            await driver.actions().mouseMove(xo).sendKeys('很晚了，准备睡觉喽！').perform();\n            await driver.findElement({ xpath: '//*[@id=\"edit_reply_form\"]/fieldset/div/div/div[4]/input' }).submit();",
                "err": {},
                "isRoot": false,
                "uuid": "a1fafe64-3129-4c03-b086-9252108b1427",
                "parentUUID": "ce0e5de4-382b-47a1-9276-01e90bcf42af",
                "isHook": false,
                "skipped": false
              },
              {
                "title": "删除回复",
                "fullTitle": "注册、登录、发布话题和回帖等功能 回帖功能 删除回复",
                "timedOut": false,
                "duration": 93,
                "state": "passed",
                "speed": "slow",
                "pass": true,
                "fail": false,
                "pending": false,
                "code": "async \n            await driver.findElement({ css: '.delete_reply_btn' }).click();\n            await driver.switchTo().alert().then((alert) => {\n                return alert.accept();\n            })",
                "err": {},
                "isRoot": false,
                "uuid": "2d1e47db-1a5b-40e4-acb7-b0d25a4e2d65",
                "parentUUID": "ce0e5de4-382b-47a1-9276-01e90bcf42af",
                "isHook": false,
                "skipped": false
              }
            ],
            "failures": [],
            "skipped": [],
            "hasBeforeHooks": false,
            "hasAfterHooks": false,
            "hasTests": true,
            "hasSuites": false,
            "totalTests": 4,
            "totalPasses": 4,
            "totalFailures": 0,
            "totalPending": 0,
            "totalSkipped": 0,
            "hasPasses": true,
            "hasFailures": false,
            "hasPending": false,
            "hasSkipped": false,
            "duration": 7735,
            "rootEmpty": false
          }
        ],
        "tests": [],
        "pending": [],
        "root": false,
        "_timeout": 18000,
        "file": "\\index2.js",
        "uuid": "b22be81f-7383-4d75-8d7e-1d1ae39955f5",
        "beforeHooks": [
          {
            "title": "\"before all\" hook",
            "fullTitle": "注册、登录、发布话题和回帖等功能 \"before all\" hook",
            "timedOut": false,
            "duration": 1,
            "pass": false,
            "fail": false,
            "pending": false,
            "code": "driver.manage().window().maximize();",
            "err": {},
            "isRoot": false,
            "uuid": "c02f0eb1-7b45-4c7a-8ee3-00e770dda6db",
            "parentUUID": "b22be81f-7383-4d75-8d7e-1d1ae39955f5",
            "isHook": true,
            "skipped": false
          },
          {
            "title": "\"before each\" hook",
            "fullTitle": "注册、登录、发布话题和回帖等功能 \"before each\" hook",
            "timedOut": false,
            "duration": 0,
            "pass": false,
            "fail": false,
            "pending": false,
            "code": "// runs before each test in this block",
            "err": {},
            "isRoot": false,
            "uuid": "71e2713c-fb3a-4907-9bbc-d907da9fa0f9",
            "parentUUID": "b22be81f-7383-4d75-8d7e-1d1ae39955f5",
            "isHook": true,
            "skipped": false
          }
        ],
        "afterHooks": [
          {
            "title": "\"after all\" hook",
            "fullTitle": "注册、登录、发布话题和回帖等功能 \"after all\" hook",
            "timedOut": false,
            "duration": 1,
            "pass": false,
            "fail": false,
            "pending": false,
            "code": "driver.close();",
            "err": {},
            "isRoot": false,
            "uuid": "b30729f5-0bf6-496c-97f3-4415b84d04e1",
            "parentUUID": "b22be81f-7383-4d75-8d7e-1d1ae39955f5",
            "isHook": true,
            "skipped": false
          },
          {
            "title": "\"after each\" hook",
            "fullTitle": "注册、登录、发布话题和回帖等功能 \"after each\" hook",
            "timedOut": false,
            "duration": 388,
            "pass": false,
            "fail": false,
            "pending": false,
            "code": "async function () {\n        await driver.takeScreenshot().then(function (imagedata) {\n            var day = new Date().valueOf();\n            fs.writeFileSync('image/' + day + '.png', imagedata, 'base64')\n        })",
            "err": {},
            "isRoot": false,
            "uuid": "0afc260a-1c84-4fae-b5dd-62d4f9632241",
            "parentUUID": "b22be81f-7383-4d75-8d7e-1d1ae39955f5",
            "isHook": true,
            "skipped": false
          }
        ],
        "fullFile": "E:\\test\\2017-09-17\\index2.js",
        "passes": [],
        "failures": [],
        "skipped": [],
        "hasBeforeHooks": true,
        "hasAfterHooks": true,
        "hasTests": false,
        "hasSuites": true,
        "totalTests": 0,
        "totalPasses": 0,
        "totalFailures": 0,
        "totalPending": 0,
        "totalSkipped": 0,
        "hasPasses": false,
        "hasFailures": false,
        "hasPending": false,
        "hasSkipped": false,
        "duration": 0,
        "rootEmpty": false
      }
    ],
    "tests": [],
    "pending": [],
    "root": true,
    "_timeout": 2000,
    "uuid": "49184359-5a78-4b2f-b694-9938b85badc7",
    "beforeHooks": [],
    "afterHooks": [],
    "fullFile": "",
    "file": "",
    "passes": [],
    "failures": [],
    "skipped": [],
    "hasBeforeHooks": false,
    "hasAfterHooks": false,
    "hasTests": false,
    "hasSuites": true,
    "totalTests": 0,
    "totalPasses": 0,
    "totalFailures": 0,
    "totalPending": 0,
    "totalSkipped": 0,
    "hasPasses": false,
    "hasFailures": false,
    "hasPending": false,
    "hasSkipped": false,
    "duration": 0,
    "rootEmpty": true
  },
  "allTests": [
    {
      "title": "打开首页",
      "fullTitle": "注册功能 打开首页",
      "timedOut": false,
      "duration": 4080,
      "state": "passed",
      "speed": "slow",
      "pass": true,
      "fail": false,
      "pending": false,
      "code": "async \n            await driver.get('http://192.168.75.107:3000/');",
      "err": {},
      "isRoot": false,
      "uuid": "ca169047-d53c-426a-9858-e52f2ca6459e",
      "parentUUID": "8a709d97-d6bf-40f2-9930-937b562b01ce",
      "isHook": false,
      "skipped": false
    },
    {
      "title": "点击注册按钮",
      "fullTitle": "注册功能 点击注册按钮",
      "timedOut": false,
      "duration": 427,
      "state": "passed",
      "speed": "slow",
      "pass": true,
      "fail": false,
      "pending": false,
      "code": "async \n            await driver.findElement({ linkText: '注册' }).click();",
      "err": {},
      "isRoot": false,
      "uuid": "4778e109-a881-4123-b16b-1be82c7bae57",
      "parentUUID": "8a709d97-d6bf-40f2-9930-937b562b01ce",
      "isHook": false,
      "skipped": false
    },
    {
      "title": "输入注册信息，修改数据库",
      "fullTitle": "注册功能 输入注册信息，修改数据库",
      "timedOut": false,
      "duration": 1043,
      "state": "passed",
      "speed": "slow",
      "pass": true,
      "fail": false,
      "pending": false,
      "code": "async \n            let user = Date.now();\n            await driver.findElement({ id: 'loginname' }).sendKeys(user);\n            await driver.findElement({ id: 'pass' }).sendKeys('123456');\n            await driver.findElement({ id: 're_pass' }).sendKeys('123456');\n            await driver.findElement({ id: 'email' }).sendKeys(`${user}@domain.com`);\n            await driver.findElement({ className: 'span-primary' }).submit().then(() => {\n                MongoClient.connect(url, function (err, db) {\n                    assert.equal(null, err);\n                    console.log(\"Connected correctly to server\");\n                    let collection = db.collection(\"users\")\n                    collection.findOne({ name: `${user}` }, function (err, docs) {\n                        console.log(docs.name)\n                        assert.equal(err, null)\n                        assert.equal(`${user}`, docs.name)\n                    })\n                    collection.updateOne({ name: `${user}` }, { $set: { \"active\": true } }, function (err, docs) {\n                        assert.equal(null, err);\n                        // console.log(docs)\n                    })\n                    db.close();\n                });\n            })",
      "err": {},
      "isRoot": false,
      "uuid": "35759da6-a01d-4b1c-bb36-283c91496379",
      "parentUUID": "8a709d97-d6bf-40f2-9930-937b562b01ce",
      "isHook": false,
      "skipped": false
    },
    {
      "title": "打开首页",
      "fullTitle": "登录功能 打开首页",
      "timedOut": false,
      "duration": 354,
      "state": "passed",
      "speed": "slow",
      "pass": true,
      "fail": false,
      "pending": false,
      "code": "async \n            await driver.get('http://192.168.75.107:3000/');",
      "err": {},
      "isRoot": false,
      "uuid": "14bea0b5-0199-48b4-a0d1-6ab2a30e5f24",
      "parentUUID": "633d1440-5307-4741-b239-6d13b9fbd9ba",
      "isHook": false,
      "skipped": false
    },
    {
      "title": "点击登录按钮",
      "fullTitle": "登录功能 点击登录按钮",
      "timedOut": false,
      "duration": 316,
      "state": "passed",
      "speed": "slow",
      "pass": true,
      "fail": false,
      "pending": false,
      "code": "async \n            await driver.findElement({ linkText: '登录' }).click();",
      "err": {},
      "isRoot": false,
      "uuid": "45725664-520c-4c65-8221-3c894463cba3",
      "parentUUID": "633d1440-5307-4741-b239-6d13b9fbd9ba",
      "isHook": false,
      "skipped": false
    },
    {
      "title": "输入用户名和密码",
      "fullTitle": "登录功能 输入用户名和密码",
      "timedOut": false,
      "duration": 183,
      "state": "passed",
      "speed": "slow",
      "pass": true,
      "fail": false,
      "pending": false,
      "code": "async \n            await driver.findElement({ id: 'name' }).sendKeys('abcduxiaolei');\n            await driver.findElement({ id: 'pass' }).sendKeys('abc4862556');",
      "err": {},
      "isRoot": false,
      "uuid": "13a1b8f8-8249-41e9-b750-57f05acff7a1",
      "parentUUID": "633d1440-5307-4741-b239-6d13b9fbd9ba",
      "isHook": false,
      "skipped": false
    },
    {
      "title": "点击登录",
      "fullTitle": "登录功能 点击登录",
      "timedOut": false,
      "duration": 557,
      "state": "passed",
      "speed": "slow",
      "pass": true,
      "fail": false,
      "pending": false,
      "code": "async \n            await driver.findElement({ css: '.span-primary' }).submit();",
      "err": {},
      "isRoot": false,
      "uuid": "21f98cc4-4af1-404d-8b4b-aa30b711b7ec",
      "parentUUID": "633d1440-5307-4741-b239-6d13b9fbd9ba",
      "isHook": false,
      "skipped": false
    },
    {
      "title": "assert",
      "fullTitle": "登录功能 assert",
      "timedOut": false,
      "duration": 1,
      "state": "passed",
      "speed": "fast",
      "pass": true,
      "fail": false,
      "pending": false,
      "code": "async \n            driver.findElement({ linkText: 'abcduxiaolei' }).getText().then((as) => {\n                console.log(as);\n                assert.deepEqual('abcduxiaolei', as);\n            })",
      "err": {},
      "isRoot": false,
      "uuid": "f4d2a5f4-cdeb-47bf-a8e2-744a8f6526cc",
      "parentUUID": "633d1440-5307-4741-b239-6d13b9fbd9ba",
      "isHook": false,
      "skipped": false
    },
    {
      "title": "点击发布话题",
      "fullTitle": "发布话题 点击发布话题",
      "timedOut": false,
      "duration": 460,
      "state": "passed",
      "speed": "slow",
      "pass": true,
      "fail": false,
      "pending": false,
      "code": "async \n            await driver.findElement({ className: 'span-success' }).click();",
      "err": {},
      "isRoot": false,
      "uuid": "e56b910c-330a-4938-b644-aaa4af98ca77",
      "parentUUID": "7ecf67e3-5b84-414f-8a4f-84a483ec68ef",
      "isHook": false,
      "skipped": false
    },
    {
      "title": "选择分享下拉列表，输入标题",
      "fullTitle": "发布话题 选择分享下拉列表，输入标题",
      "timedOut": false,
      "duration": 263,
      "state": "passed",
      "speed": "slow",
      "pass": true,
      "fail": false,
      "pending": false,
      "code": "async \n            await driver.findElement({ id: 'tab-value' }).click();\n            await driver.findElement({ css: '#tab-value>option:nth-child(2)' }).click();\n            await driver.findElement({ id: 'title' }).sendKeys('今天是星期六');",
      "err": {},
      "isRoot": false,
      "uuid": "238943fd-f687-483f-945e-ed04157e6f81",
      "parentUUID": "7ecf67e3-5b84-414f-8a4f-84a483ec68ef",
      "isHook": false,
      "skipped": false
    },
    {
      "title": "添加图片",
      "fullTitle": "发布话题 添加图片",
      "timedOut": false,
      "duration": 133,
      "state": "passed",
      "speed": "slow",
      "pass": true,
      "fail": false,
      "pending": false,
      "code": "async \n            await driver.findElement({ css: '.eicon-image' }).click();\n            await driver.findElement({ name: 'file' }).sendKeys('E://01.png');",
      "err": {},
      "isRoot": false,
      "uuid": "fd7811f4-658f-464d-8a53-21b58530522e",
      "parentUUID": "7ecf67e3-5b84-414f-8a4f-84a483ec68ef",
      "isHook": false,
      "skipped": false
    },
    {
      "title": "点击链接",
      "fullTitle": "发布话题 点击链接",
      "timedOut": false,
      "duration": 6923,
      "state": "passed",
      "speed": "slow",
      "pass": true,
      "fail": false,
      "pending": false,
      "code": "async \n            await driver.sleep(2000);\n            await driver.findElement({ css: '.eicon-link' }).click();\n            await driver.sleep(2000);\n            await driver.findElement({ xpath: '/html/body/div[4]/div[2]/form/div[1]/div/input' }).click()\n            await driver.findElement({ xpath: '/html/body/div[4]/div[2]/form/div[1]/div/input' }).sendKeys('打开百度首页');\n            await driver.findElement({ xpath: '/html/body/div[4]/div[2]/form/div[2]/div/input' }).clear()\n            await driver.findElement({ xpath: '/html/body/div[4]/div[2]/form/div[2]/div/input' }).sendKeys('https://www.baidu.com/');\n            await driver.findElement({ css: '.btn.btn-primary' }).click();\n            await driver.findElement({ css: '.span-primary.submit_btn' }).submit();",
      "err": {},
      "isRoot": false,
      "uuid": "62294ba9-8a9c-4ce3-8d64-98bd4fd33c4b",
      "parentUUID": "7ecf67e3-5b84-414f-8a4f-84a483ec68ef",
      "isHook": false,
      "skipped": false
    },
    {
      "title": "添加回复_照片",
      "fullTitle": "回帖功能 添加回复_照片",
      "timedOut": false,
      "duration": 2178,
      "state": "passed",
      "speed": "slow",
      "pass": true,
      "fail": false,
      "pending": false,
      "code": "async \n            await driver.sleep(2000);\n            await driver.findElement({ css: '.eicon-image' }).click();\n            await driver.findElement({ name: 'file' }).sendKeys('F://图片//02.png');",
      "err": {},
      "isRoot": false,
      "uuid": "0bf877e9-2e89-4995-93b7-a14bfd293d34",
      "parentUUID": "ce0e5de4-382b-47a1-9276-01e90bcf42af",
      "isHook": false,
      "skipped": false
    },
    {
      "title": "添加回复_内容",
      "fullTitle": "回帖功能 添加回复_内容",
      "timedOut": false,
      "duration": 2509,
      "state": "passed",
      "speed": "slow",
      "pass": true,
      "fail": false,
      "pending": false,
      "code": "async \n            await driver.sleep(2000);\n            await driver.findElement({ css: '.CodeMirror.cm-s-paper' }).click();\n            let oc = driver.findElement({ xpath: '//*[@id=\"reply_form\"]/div/div/div[2]/div[6]/div[2]' });\n            await driver.actions().mouseMove(oc).sendKeys('大家晚上好！').perform();\n            await driver.findElement({ xpath: '//*[@id=\"reply_form\"]/div/div/div[3]/input' }).submit();",
      "err": {},
      "isRoot": false,
      "uuid": "fb077b02-e38f-45d2-b22e-b466eb278b79",
      "parentUUID": "ce0e5de4-382b-47a1-9276-01e90bcf42af",
      "isHook": false,
      "skipped": false
    },
    {
      "title": "编辑回复",
      "fullTitle": "回帖功能 编辑回复",
      "timedOut": false,
      "duration": 2955,
      "state": "passed",
      "speed": "slow",
      "pass": true,
      "fail": false,
      "pending": false,
      "code": "async \n            await driver.sleep(2000);\n            await driver.findElement({ css: '.edit_reply_btn' }).click();\n            await driver.findElement({ css: '.CodeMirror.cm-s-paper' }).click();\n            let xo = driver.findElement({ xpath: '//*[@id=\"edit_reply_form\"]/fieldset/div/div/div[2]/div[6]/div[2]' });\n            await driver.actions().mouseMove(xo).sendKeys('很晚了，准备睡觉喽！').perform();\n            await driver.findElement({ xpath: '//*[@id=\"edit_reply_form\"]/fieldset/div/div/div[4]/input' }).submit();",
      "err": {},
      "isRoot": false,
      "uuid": "a1fafe64-3129-4c03-b086-9252108b1427",
      "parentUUID": "ce0e5de4-382b-47a1-9276-01e90bcf42af",
      "isHook": false,
      "skipped": false
    },
    {
      "title": "删除回复",
      "fullTitle": "回帖功能 删除回复",
      "timedOut": false,
      "duration": 93,
      "state": "passed",
      "speed": "slow",
      "pass": true,
      "fail": false,
      "pending": false,
      "code": "async \n            await driver.findElement({ css: '.delete_reply_btn' }).click();\n            await driver.switchTo().alert().then((alert) => {\n                return alert.accept();\n            })",
      "err": {},
      "isRoot": false,
      "uuid": "2d1e47db-1a5b-40e4-acb7-b0d25a4e2d65",
      "parentUUID": "ce0e5de4-382b-47a1-9276-01e90bcf42af",
      "isHook": false,
      "skipped": false
    }
  ],
  "allPending": [],
  "allPasses": [
    {
      "title": "打开首页",
      "fullTitle": "注册功能 打开首页",
      "timedOut": false,
      "duration": 4080,
      "state": "passed",
      "speed": "slow",
      "pass": true,
      "fail": false,
      "pending": false,
      "code": "async \n            await driver.get('http://192.168.75.107:3000/');",
      "err": {},
      "isRoot": false,
      "uuid": "ca169047-d53c-426a-9858-e52f2ca6459e",
      "parentUUID": "8a709d97-d6bf-40f2-9930-937b562b01ce",
      "isHook": false,
      "skipped": false
    },
    {
      "title": "点击注册按钮",
      "fullTitle": "注册功能 点击注册按钮",
      "timedOut": false,
      "duration": 427,
      "state": "passed",
      "speed": "slow",
      "pass": true,
      "fail": false,
      "pending": false,
      "code": "async \n            await driver.findElement({ linkText: '注册' }).click();",
      "err": {},
      "isRoot": false,
      "uuid": "4778e109-a881-4123-b16b-1be82c7bae57",
      "parentUUID": "8a709d97-d6bf-40f2-9930-937b562b01ce",
      "isHook": false,
      "skipped": false
    },
    {
      "title": "输入注册信息，修改数据库",
      "fullTitle": "注册功能 输入注册信息，修改数据库",
      "timedOut": false,
      "duration": 1043,
      "state": "passed",
      "speed": "slow",
      "pass": true,
      "fail": false,
      "pending": false,
      "code": "async \n            let user = Date.now();\n            await driver.findElement({ id: 'loginname' }).sendKeys(user);\n            await driver.findElement({ id: 'pass' }).sendKeys('123456');\n            await driver.findElement({ id: 're_pass' }).sendKeys('123456');\n            await driver.findElement({ id: 'email' }).sendKeys(`${user}@domain.com`);\n            await driver.findElement({ className: 'span-primary' }).submit().then(() => {\n                MongoClient.connect(url, function (err, db) {\n                    assert.equal(null, err);\n                    console.log(\"Connected correctly to server\");\n                    let collection = db.collection(\"users\")\n                    collection.findOne({ name: `${user}` }, function (err, docs) {\n                        console.log(docs.name)\n                        assert.equal(err, null)\n                        assert.equal(`${user}`, docs.name)\n                    })\n                    collection.updateOne({ name: `${user}` }, { $set: { \"active\": true } }, function (err, docs) {\n                        assert.equal(null, err);\n                        // console.log(docs)\n                    })\n                    db.close();\n                });\n            })",
      "err": {},
      "isRoot": false,
      "uuid": "35759da6-a01d-4b1c-bb36-283c91496379",
      "parentUUID": "8a709d97-d6bf-40f2-9930-937b562b01ce",
      "isHook": false,
      "skipped": false
    },
    {
      "title": "打开首页",
      "fullTitle": "登录功能 打开首页",
      "timedOut": false,
      "duration": 354,
      "state": "passed",
      "speed": "slow",
      "pass": true,
      "fail": false,
      "pending": false,
      "code": "async \n            await driver.get('http://192.168.75.107:3000/');",
      "err": {},
      "isRoot": false,
      "uuid": "14bea0b5-0199-48b4-a0d1-6ab2a30e5f24",
      "parentUUID": "633d1440-5307-4741-b239-6d13b9fbd9ba",
      "isHook": false,
      "skipped": false
    },
    {
      "title": "点击登录按钮",
      "fullTitle": "登录功能 点击登录按钮",
      "timedOut": false,
      "duration": 316,
      "state": "passed",
      "speed": "slow",
      "pass": true,
      "fail": false,
      "pending": false,
      "code": "async \n            await driver.findElement({ linkText: '登录' }).click();",
      "err": {},
      "isRoot": false,
      "uuid": "45725664-520c-4c65-8221-3c894463cba3",
      "parentUUID": "633d1440-5307-4741-b239-6d13b9fbd9ba",
      "isHook": false,
      "skipped": false
    },
    {
      "title": "输入用户名和密码",
      "fullTitle": "登录功能 输入用户名和密码",
      "timedOut": false,
      "duration": 183,
      "state": "passed",
      "speed": "slow",
      "pass": true,
      "fail": false,
      "pending": false,
      "code": "async \n            await driver.findElement({ id: 'name' }).sendKeys('abcduxiaolei');\n            await driver.findElement({ id: 'pass' }).sendKeys('abc4862556');",
      "err": {},
      "isRoot": false,
      "uuid": "13a1b8f8-8249-41e9-b750-57f05acff7a1",
      "parentUUID": "633d1440-5307-4741-b239-6d13b9fbd9ba",
      "isHook": false,
      "skipped": false
    },
    {
      "title": "点击登录",
      "fullTitle": "登录功能 点击登录",
      "timedOut": false,
      "duration": 557,
      "state": "passed",
      "speed": "slow",
      "pass": true,
      "fail": false,
      "pending": false,
      "code": "async \n            await driver.findElement({ css: '.span-primary' }).submit();",
      "err": {},
      "isRoot": false,
      "uuid": "21f98cc4-4af1-404d-8b4b-aa30b711b7ec",
      "parentUUID": "633d1440-5307-4741-b239-6d13b9fbd9ba",
      "isHook": false,
      "skipped": false
    },
    {
      "title": "assert",
      "fullTitle": "登录功能 assert",
      "timedOut": false,
      "duration": 1,
      "state": "passed",
      "speed": "fast",
      "pass": true,
      "fail": false,
      "pending": false,
      "code": "async \n            driver.findElement({ linkText: 'abcduxiaolei' }).getText().then((as) => {\n                console.log(as);\n                assert.deepEqual('abcduxiaolei', as);\n            })",
      "err": {},
      "isRoot": false,
      "uuid": "f4d2a5f4-cdeb-47bf-a8e2-744a8f6526cc",
      "parentUUID": "633d1440-5307-4741-b239-6d13b9fbd9ba",
      "isHook": false,
      "skipped": false
    },
    {
      "title": "点击发布话题",
      "fullTitle": "发布话题 点击发布话题",
      "timedOut": false,
      "duration": 460,
      "state": "passed",
      "speed": "slow",
      "pass": true,
      "fail": false,
      "pending": false,
      "code": "async \n            await driver.findElement({ className: 'span-success' }).click();",
      "err": {},
      "isRoot": false,
      "uuid": "e56b910c-330a-4938-b644-aaa4af98ca77",
      "parentUUID": "7ecf67e3-5b84-414f-8a4f-84a483ec68ef",
      "isHook": false,
      "skipped": false
    },
    {
      "title": "选择分享下拉列表，输入标题",
      "fullTitle": "发布话题 选择分享下拉列表，输入标题",
      "timedOut": false,
      "duration": 263,
      "state": "passed",
      "speed": "slow",
      "pass": true,
      "fail": false,
      "pending": false,
      "code": "async \n            await driver.findElement({ id: 'tab-value' }).click();\n            await driver.findElement({ css: '#tab-value>option:nth-child(2)' }).click();\n            await driver.findElement({ id: 'title' }).sendKeys('今天是星期六');",
      "err": {},
      "isRoot": false,
      "uuid": "238943fd-f687-483f-945e-ed04157e6f81",
      "parentUUID": "7ecf67e3-5b84-414f-8a4f-84a483ec68ef",
      "isHook": false,
      "skipped": false
    },
    {
      "title": "添加图片",
      "fullTitle": "发布话题 添加图片",
      "timedOut": false,
      "duration": 133,
      "state": "passed",
      "speed": "slow",
      "pass": true,
      "fail": false,
      "pending": false,
      "code": "async \n            await driver.findElement({ css: '.eicon-image' }).click();\n            await driver.findElement({ name: 'file' }).sendKeys('E://01.png');",
      "err": {},
      "isRoot": false,
      "uuid": "fd7811f4-658f-464d-8a53-21b58530522e",
      "parentUUID": "7ecf67e3-5b84-414f-8a4f-84a483ec68ef",
      "isHook": false,
      "skipped": false
    },
    {
      "title": "点击链接",
      "fullTitle": "发布话题 点击链接",
      "timedOut": false,
      "duration": 6923,
      "state": "passed",
      "speed": "slow",
      "pass": true,
      "fail": false,
      "pending": false,
      "code": "async \n            await driver.sleep(2000);\n            await driver.findElement({ css: '.eicon-link' }).click();\n            await driver.sleep(2000);\n            await driver.findElement({ xpath: '/html/body/div[4]/div[2]/form/div[1]/div/input' }).click()\n            await driver.findElement({ xpath: '/html/body/div[4]/div[2]/form/div[1]/div/input' }).sendKeys('打开百度首页');\n            await driver.findElement({ xpath: '/html/body/div[4]/div[2]/form/div[2]/div/input' }).clear()\n            await driver.findElement({ xpath: '/html/body/div[4]/div[2]/form/div[2]/div/input' }).sendKeys('https://www.baidu.com/');\n            await driver.findElement({ css: '.btn.btn-primary' }).click();\n            await driver.findElement({ css: '.span-primary.submit_btn' }).submit();",
      "err": {},
      "isRoot": false,
      "uuid": "62294ba9-8a9c-4ce3-8d64-98bd4fd33c4b",
      "parentUUID": "7ecf67e3-5b84-414f-8a4f-84a483ec68ef",
      "isHook": false,
      "skipped": false
    },
    {
      "title": "添加回复_照片",
      "fullTitle": "回帖功能 添加回复_照片",
      "timedOut": false,
      "duration": 2178,
      "state": "passed",
      "speed": "slow",
      "pass": true,
      "fail": false,
      "pending": false,
      "code": "async \n            await driver.sleep(2000);\n            await driver.findElement({ css: '.eicon-image' }).click();\n            await driver.findElement({ name: 'file' }).sendKeys('F://图片//02.png');",
      "err": {},
      "isRoot": false,
      "uuid": "0bf877e9-2e89-4995-93b7-a14bfd293d34",
      "parentUUID": "ce0e5de4-382b-47a1-9276-01e90bcf42af",
      "isHook": false,
      "skipped": false
    },
    {
      "title": "添加回复_内容",
      "fullTitle": "回帖功能 添加回复_内容",
      "timedOut": false,
      "duration": 2509,
      "state": "passed",
      "speed": "slow",
      "pass": true,
      "fail": false,
      "pending": false,
      "code": "async \n            await driver.sleep(2000);\n            await driver.findElement({ css: '.CodeMirror.cm-s-paper' }).click();\n            let oc = driver.findElement({ xpath: '//*[@id=\"reply_form\"]/div/div/div[2]/div[6]/div[2]' });\n            await driver.actions().mouseMove(oc).sendKeys('大家晚上好！').perform();\n            await driver.findElement({ xpath: '//*[@id=\"reply_form\"]/div/div/div[3]/input' }).submit();",
      "err": {},
      "isRoot": false,
      "uuid": "fb077b02-e38f-45d2-b22e-b466eb278b79",
      "parentUUID": "ce0e5de4-382b-47a1-9276-01e90bcf42af",
      "isHook": false,
      "skipped": false
    },
    {
      "title": "编辑回复",
      "fullTitle": "回帖功能 编辑回复",
      "timedOut": false,
      "duration": 2955,
      "state": "passed",
      "speed": "slow",
      "pass": true,
      "fail": false,
      "pending": false,
      "code": "async \n            await driver.sleep(2000);\n            await driver.findElement({ css: '.edit_reply_btn' }).click();\n            await driver.findElement({ css: '.CodeMirror.cm-s-paper' }).click();\n            let xo = driver.findElement({ xpath: '//*[@id=\"edit_reply_form\"]/fieldset/div/div/div[2]/div[6]/div[2]' });\n            await driver.actions().mouseMove(xo).sendKeys('很晚了，准备睡觉喽！').perform();\n            await driver.findElement({ xpath: '//*[@id=\"edit_reply_form\"]/fieldset/div/div/div[4]/input' }).submit();",
      "err": {},
      "isRoot": false,
      "uuid": "a1fafe64-3129-4c03-b086-9252108b1427",
      "parentUUID": "ce0e5de4-382b-47a1-9276-01e90bcf42af",
      "isHook": false,
      "skipped": false
    },
    {
      "title": "删除回复",
      "fullTitle": "回帖功能 删除回复",
      "timedOut": false,
      "duration": 93,
      "state": "passed",
      "speed": "slow",
      "pass": true,
      "fail": false,
      "pending": false,
      "code": "async \n            await driver.findElement({ css: '.delete_reply_btn' }).click();\n            await driver.switchTo().alert().then((alert) => {\n                return alert.accept();\n            })",
      "err": {},
      "isRoot": false,
      "uuid": "2d1e47db-1a5b-40e4-acb7-b0d25a4e2d65",
      "parentUUID": "ce0e5de4-382b-47a1-9276-01e90bcf42af",
      "isHook": false,
      "skipped": false
    }
  ],
  "allFailures": [],
  "copyrightYear": 2017
}